
## ---------------------- ##
## Running config.status. ##
## ---------------------- ##

This file was extended by gaim config.status 1.5.0, which was
generated by GNU Autoconf 2.59.  Invocation command line was

  CONFIG_FILES    = src/Makefile
  CONFIG_HEADERS  = 
  CONFIG_LINKS    = 
  CONFIG_COMMANDS = 
  $ ./config.status 

on giant

config.status:952: creating src/Makefile
config.status:1582: executing default-1 commands
config.status:1582: executing default-2 commands

## ---------------------- ##
## Running config.status. ##
## ---------------------- ##

This file was extended by gaim config.status 1.5.0, which was
generated by GNU Autoconf 2.59.  Invocation command line was

  CONFIG_FILES    = src/protocols/Makefile
  CONFIG_HEADERS  = 
  CONFIG_LINKS    = 
  CONFIG_COMMANDS = 
  $ ./config.status 

on giant

config.status:952: creating src/protocols/Makefile
config.status:1582: executing default-1 commands
config.status:1582: executing default-2 commands

## ---------------------- ##
## Running config.status. ##
## ---------------------- ##

This file was extended by gaim config.status 1.5.0, which was
generated by GNU Autoconf 2.59.  Invocation command line was

  CONFIG_FILES    = src/protocols/zephyr/Makefile
  CONFIG_HEADERS  = 
  CONFIG_LINKS    = 
  CONFIG_COMMANDS = 
  $ ./config.status 

on giant

config.status:952: creating src/protocols/zephyr/Makefile
config.status:1582: executing default-1 commands
config.status:1582: executing default-2 commands

## ---------------------- ##
## Running config.status. ##
## ---------------------- ##

This file was extended by gaim config.status 1.5.0, which was
generated by GNU Autoconf 2.59.  Invocation command line was

  CONFIG_FILES    = src/protocols/yahoo/Makefile
  CONFIG_HEADERS  = 
  CONFIG_LINKS    = 
  CONFIG_COMMANDS = 
  $ ./config.status 

on giant

config.status:952: creating src/protocols/yahoo/Makefile
config.status:1582: executing default-1 commands
config.status:1582: executing default-2 commands

## ---------------------- ##
## Running config.status. ##
## ---------------------- ##

This file was extended by gaim config.status 1.5.0, which was
generated by GNU Autoconf 2.59.  Invocation command line was

  CONFIG_FILES    = src/protocols/oscar/Makefile
  CONFIG_HEADERS  = 
  CONFIG_LINKS    = 
  CONFIG_COMMANDS = 
  $ ./config.status 

on giant

config.status:952: creating src/protocols/oscar/Makefile
config.status:1582: executing default-1 commands
config.status:1582: executing default-2 commands

## ---------------------- ##
## Running config.status. ##
## ---------------------- ##

This file was extended by gaim config.status 1.5.0, which was
generated by GNU Autoconf 2.59.  Invocation command line was

  CONFIG_FILES    = src/protocols/novell/Makefile
  CONFIG_HEADERS  = 
  CONFIG_LINKS    = 
  CONFIG_COMMANDS = 
  $ ./config.status 

on giant

config.status:952: creating src/protocols/novell/Makefile
config.status:1582: executing default-1 commands
config.status:1582: executing default-2 commands

## ---------------------- ##
## Running config.status. ##
## ---------------------- ##

This file was extended by gaim config.status 1.5.0, which was
generated by GNU Autoconf 2.59.  Invocation command line was

  CONFIG_FILES    = src/protocols/napster/Makefile
  CONFIG_HEADERS  = 
  CONFIG_LINKS    = 
  CONFIG_COMMANDS = 
  $ ./config.status 

on giant

config.status:952: creating src/protocols/napster/Makefile
config.status:1582: executing default-1 commands
config.status:1582: executing default-2 commands

## ---------------------- ##
## Running config.status. ##
## ---------------------- ##

This file was extended by gaim config.status 1.5.0, which was
generated by GNU Autoconf 2.59.  Invocation command line was

  CONFIG_FILES    = src/protocols/msn/Makefile
  CONFIG_HEADERS  = 
  CONFIG_LINKS    = 
  CONFIG_COMMANDS = 
  $ ./config.status 

on giant

config.status:952: creating src/protocols/msn/Makefile
config.status:1582: executing default-1 commands
config.status:1582: executing default-2 commands

## ---------------------- ##
## Running config.status. ##
## ---------------------- ##

This file was extended by gaim config.status 1.5.0, which was
generated by GNU Autoconf 2.59.  Invocation command line was

  CONFIG_FILES    = src/protocols/jabber/Makefile
  CONFIG_HEADERS  = 
  CONFIG_LINKS    = 
  CONFIG_COMMANDS = 
  $ ./config.status 

on giant

config.status:952: creating src/protocols/jabber/Makefile
config.status:1582: executing default-1 commands
config.status:1582: executing default-2 commands

## ---------------------- ##
## Running config.status. ##
## ---------------------- ##

This file was extended by gaim config.status 1.5.0, which was
generated by GNU Autoconf 2.59.  Invocation command line was

  CONFIG_FILES    = src/protocols/irc/Makefile
  CONFIG_HEADERS  = 
  CONFIG_LINKS    = 
  CONFIG_COMMANDS = 
  $ ./config.status 

on giant

config.status:952: creating src/protocols/irc/Makefile
config.status:1582: executing default-1 commands
config.status:1582: executing default-2 commands

## ---------------------- ##
## Running config.status. ##
## ---------------------- ##

This file was extended by gaim config.status 1.5.0, which was
generated by GNU Autoconf 2.59.  Invocation command line was

  CONFIG_FILES    = src/protocols/gg/Makefile
  CONFIG_HEADERS  = 
  CONFIG_LINKS    = 
  CONFIG_COMMANDS = 
  $ ./config.status 

on giant

config.status:952: creating src/protocols/gg/Makefile
config.status:1582: executing default-1 commands
config.status:1582: executing default-2 commands

## ---------------------- ##
## Running config.status. ##
## ---------------------- ##

This file was extended by gaim config.status 1.5.0, which was
generated by GNU Autoconf 2.59.  Invocation command line was

  CONFIG_FILES    = sounds/Makefile
  CONFIG_HEADERS  = 
  CONFIG_LINKS    = 
  CONFIG_COMMANDS = 
  $ ./config.status 

on giant

config.status:952: creating sounds/Makefile
config.status:1582: executing default-1 commands
config.status:1582: executing default-2 commands

## ---------------------- ##
## Running config.status. ##
## ---------------------- ##

This file was extended by gaim config.status 1.5.0, which was
generated by GNU Autoconf 2.59.  Invocation command line was

  CONFIG_FILES    = po/Makefile.in
  CONFIG_HEADERS  = 
  CONFIG_LINKS    = 
  CONFIG_COMMANDS = 
  $ ./config.status 

on giant

config.status:952: creating po/Makefile.in
config.status:1582: executing default-1 commands
config.status:1582: executing default-2 commands

## ---------------------- ##
## Running config.status. ##
## ---------------------- ##

This file was extended by gaim config.status 1.5.0, which was
generated by GNU Autoconf 2.59.  Invocation command line was

  CONFIG_FILES    = plugins/Makefile
  CONFIG_HEADERS  = 
  CONFIG_LINKS    = 
  CONFIG_COMMANDS = 
  $ ./config.status 

on giant

config.status:952: creating plugins/Makefile
config.status:1582: executing default-1 commands
config.status:1582: executing default-2 commands

## ---------------------- ##
## Running config.status. ##
## ---------------------- ##

This file was extended by gaim config.status 1.5.0, which was
generated by GNU Autoconf 2.59.  Invocation command line was

  CONFIG_FILES    = plugins/ticker/Makefile
  CONFIG_HEADERS  = 
  CONFIG_LINKS    = 
  CONFIG_COMMANDS = 
  $ ./config.status 

on giant

config.status:952: creating plugins/ticker/Makefile
config.status:1582: executing default-1 commands
config.status:1582: executing default-2 commands

## ---------------------- ##
## Running config.status. ##
## ---------------------- ##

This file was extended by gaim config.status 1.5.0, which was
generated by GNU Autoconf 2.59.  Invocation command line was

  CONFIG_FILES    = plugins/ssl/Makefile
  CONFIG_HEADERS  = 
  CONFIG_LINKS    = 
  CONFIG_COMMANDS = 
  $ ./config.status 

on giant

config.status:952: creating plugins/ssl/Makefile
config.status:1582: executing default-1 commands
config.status:1582: executing default-2 commands

## ---------------------- ##
## Running config.status. ##
## ---------------------- ##

This file was extended by gaim config.status 1.5.0, which was
generated by GNU Autoconf 2.59.  Invocation command line was

  CONFIG_FILES    = plugins/gestures/Makefile
  CONFIG_HEADERS  = 
  CONFIG_LINKS    = 
  CONFIG_COMMANDS = 
  $ ./config.status 

on giant

config.status:952: creating plugins/gestures/Makefile
config.status:1582: executing default-1 commands
config.status:1582: executing default-2 commands

## ---------------------- ##
## Running config.status. ##
## ---------------------- ##

This file was extended by gaim config.status 1.5.0, which was
generated by GNU Autoconf 2.59.  Invocation command line was

  CONFIG_FILES    = plugins/gaim-remote/Makefile
  CONFIG_HEADERS  = 
  CONFIG_LINKS    = 
  CONFIG_COMMANDS = 
  $ ./config.status 

on giant

config.status:952: creating plugins/gaim-remote/Makefile
config.status:1582: executing default-1 commands
config.status:1582: executing default-2 commands

## ---------------------- ##
## Running config.status. ##
## ---------------------- ##

This file was extended by gaim config.status 1.5.0, which was
generated by GNU Autoconf 2.59.  Invocation command line was

  CONFIG_FILES    = plugins/docklet/Makefile
  CONFIG_HEADERS  = 
  CONFIG_LINKS    = 
  CONFIG_COMMANDS = 
  $ ./config.status 

on giant

config.status:952: creating plugins/docklet/Makefile
config.status:1582: executing default-1 commands
config.status:1582: executing default-2 commands

## ---------------------- ##
## Running config.status. ##
## ---------------------- ##

This file was extended by gaim config.status 1.5.0, which was
generated by GNU Autoconf 2.59.  Invocation command line was

  CONFIG_FILES    = pixmaps/Makefile
  CONFIG_HEADERS  = 
  CONFIG_LINKS    = 
  CONFIG_COMMANDS = 
  $ ./config.status 

on giant

config.status:952: creating pixmaps/Makefile
config.status:1582: executing default-1 commands
config.status:1582: executing default-2 commands

## ---------------------- ##
## Running config.status. ##
## ---------------------- ##

This file was extended by gaim config.status 1.5.0, which was
generated by GNU Autoconf 2.59.  Invocation command line was

  CONFIG_FILES    = pixmaps/status/Makefile
  CONFIG_HEADERS  = 
  CONFIG_LINKS    = 
  CONFIG_COMMANDS = 
  $ ./config.status 

on giant

config.status:952: creating pixmaps/status/Makefile
config.status:1582: executing default-1 commands
config.status:1582: executing default-2 commands

## ---------------------- ##
## Running config.status. ##
## ---------------------- ##

This file was extended by gaim config.status 1.5.0, which was
generated by GNU Autoconf 2.59.  Invocation command line was

  CONFIG_FILES    = pixmaps/status/default/Makefile
  CONFIG_HEADERS  = 
  CONFIG_LINKS    = 
  CONFIG_COMMANDS = 
  $ ./config.status 

on giant

config.status:952: creating pixmaps/status/default/Makefile
config.status:1582: executing default-1 commands
config.status:1582: executing default-2 commands

## ---------------------- ##
## Running config.status. ##
## ---------------------- ##

This file was extended by gaim config.status 1.5.0, which was
generated by GNU Autoconf 2.59.  Invocation command line was

  CONFIG_FILES    = pixmaps/smileys/Makefile
  CONFIG_HEADERS  = 
  CONFIG_LINKS    = 
  CONFIG_COMMANDS = 
  $ ./config.status 

on giant

config.status:952: creating pixmaps/smileys/Makefile
config.status:1582: executing default-1 commands
config.status:1582: executing default-2 commands

## ---------------------- ##
## Running config.status. ##
## ---------------------- ##

This file was extended by gaim config.status 1.5.0, which was
generated by GNU Autoconf 2.59.  Invocation command line was

  CONFIG_FILES    = pixmaps/smileys/none/Makefile
  CONFIG_HEADERS  = 
  CONFIG_LINKS    = 
  CONFIG_COMMANDS = 
  $ ./config.status 

on giant

config.status:952: creating pixmaps/smileys/none/Makefile
config.status:1582: executing default-1 commands
config.status:1582: executing default-2 commands

## ---------------------- ##
## Running config.status. ##
## ---------------------- ##

This file was extended by gaim config.status 1.5.0, which was
generated by GNU Autoconf 2.59.  Invocation command line was

  CONFIG_FILES    = pixmaps/smileys/default/Makefile
  CONFIG_HEADERS  = 
  CONFIG_LINKS    = 
  CONFIG_COMMANDS = 
  $ ./config.status 

on giant

config.status:952: creating pixmaps/smileys/default/Makefile
config.status:1582: executing default-1 commands
config.status:1582: executing default-2 commands

## ---------------------- ##
## Running config.status. ##
## ---------------------- ##

This file was extended by gaim config.status 1.5.0, which was
generated by GNU Autoconf 2.59.  Invocation command line was

  CONFIG_FILES    = intl/Makefile
  CONFIG_HEADERS  = 
  CONFIG_LINKS    = 
  CONFIG_COMMANDS = 
  $ ./config.status 

on giant

config.status:952: creating intl/Makefile
config.status:1582: executing default-1 commands
config.status:1582: executing default-2 commands

## ---------------------- ##
## Running config.status. ##
## ---------------------- ##

This file was extended by gaim config.status 1.5.0, which was
generated by GNU Autoconf 2.59.  Invocation command line was

  CONFIG_FILES    = doc/Makefile
  CONFIG_HEADERS  = 
  CONFIG_LINKS    = 
  CONFIG_COMMANDS = 
  $ ./config.status 

on giant

config.status:952: creating doc/Makefile
config.status:1582: executing default-1 commands
config.status:1582: executing default-2 commands
